State 41 conflicts: 1 shift/reduce
State 43 conflicts: 1 shift/reduce


Grammar

    0 $accept: start $end

    1 start: %empty
    2      | EXIT_T

    3 $@1: %empty

    4 start: expression EOL $@1 start

    5 $@2: %empty

    6 start: EOL $@2 start

    7 $@3: %empty

    8 start: error EOL $@3 start

    9 expression: NUMBER
   10           | FLOAT
   11           | VARIABLE
   12           | INF_T
   13           | NAN_T
   14           | '-' expression
   15           | '+' expression
   16           | INCR VARIABLE
   17           | DECR VARIABLE
   18           | VARIABLE INCR
   19           | VARIABLE DECR
   20           | expression '+' expression
   21           | expression '-' expression
   22           | expression '*' expression
   23           | '(' expression ')'
   24           | VARIABLE '=' expression
   25           | VARIABLE COMPADD expression
   26           | VARIABLE COMPSUB expression
   27           | VARIABLE COMPMUL expression
   28           | HELP_T
   29           | PRINT_T '(' VARIABLE ')'
   30           | PRINT_T '(' expression ')'
   31           | DISPLAY_T '(' VARIABLE ')'
   32           | DISPLAY_T '(' expression ')'
   33           | SYNERR_T


Terminals, with rules where they appear

$end (0) 0
'(' (40) 23 29 30 31 32
')' (41) 23 29 30 31 32
'*' (42) 22
'+' (43) 15 20
'-' (45) 14 21
'=' (61) 24
error (256) 8
NUMBER (258) 9
FLOAT (259) 10
INF_T (260) 12
NAN_T (261) 13
HELP_T (262) 28
PRINT_T (263) 29 30
DISPLAY_T (264) 31 32
EXIT_T (265) 2
SYNERR_T (266) 33
VARIABLE (267) 11 16 17 18 19 24 25 26 27 29 31
EOL (268) 4 6 8
COMPADD (269) 25
COMPSUB (270) 26
COMPMUL (271) 27
INCR (272) 16 18
DECR (273) 17 19
UNARY (274)


Nonterminals, with rules where they appear

$accept (26)
    on left: 0
start (27)
    on left: 1 2 4 6 8, on right: 0 4 6 8
$@1 (28)
    on left: 3, on right: 4
$@2 (29)
    on left: 5, on right: 6
$@3 (30)
    on left: 7, on right: 8
expression (31)
    on left: 9 10 11 12 13 14 15 16 17 18 19 20 21 22 23 24 25 26 27
    28 29 30 31 32 33, on right: 4 14 15 20 21 22 23 24 25 26 27 30
    32


State 0

    0 $accept: . start $end

    error      shift, and go to state 1
    NUMBER     shift, and go to state 2
    FLOAT      shift, and go to state 3
    INF_T      shift, and go to state 4
    NAN_T      shift, and go to state 5
    HELP_T     shift, and go to state 6
    PRINT_T    shift, and go to state 7
    DISPLAY_T  shift, and go to state 8
    EXIT_T     shift, and go to state 9
    SYNERR_T   shift, and go to state 10
    VARIABLE   shift, and go to state 11
    EOL        shift, and go to state 12
    '-'        shift, and go to state 13
    '+'        shift, and go to state 14
    INCR       shift, and go to state 15
    DECR       shift, and go to state 16
    '('        shift, and go to state 17

    $end  reduce using rule 1 (start)

    start       go to state 18
    expression  go to state 19


State 1

    8 start: error . EOL $@3 start

    EOL  shift, and go to state 20


State 2

    9 expression: NUMBER .

    $default  reduce using rule 9 (expression)


State 3

   10 expression: FLOAT .

    $default  reduce using rule 10 (expression)


State 4

   12 expression: INF_T .

    $default  reduce using rule 12 (expression)


State 5

   13 expression: NAN_T .

    $default  reduce using rule 13 (expression)


State 6

   28 expression: HELP_T .

    $default  reduce using rule 28 (expression)


State 7

   29 expression: PRINT_T . '(' VARIABLE ')'
   30           | PRINT_T . '(' expression ')'

    '('  shift, and go to state 21


State 8

   31 expression: DISPLAY_T . '(' VARIABLE ')'
   32           | DISPLAY_T . '(' expression ')'

    '('  shift, and go to state 22


State 9

    2 start: EXIT_T .

    $default  reduce using rule 2 (start)


State 10

   33 expression: SYNERR_T .

    $default  reduce using rule 33 (expression)


State 11

   11 expression: VARIABLE .
   18           | VARIABLE . INCR
   19           | VARIABLE . DECR
   24           | VARIABLE . '=' expression
   25           | VARIABLE . COMPADD expression
   26           | VARIABLE . COMPSUB expression
   27           | VARIABLE . COMPMUL expression

    COMPADD  shift, and go to state 23
    COMPSUB  shift, and go to state 24
    COMPMUL  shift, and go to state 25
    '='      shift, and go to state 26
    INCR     shift, and go to state 27
    DECR     shift, and go to state 28

    $default  reduce using rule 11 (expression)


State 12

    6 start: EOL . $@2 start

    $default  reduce using rule 5 ($@2)

    $@2  go to state 29


State 13

   14 expression: '-' . expression

    NUMBER     shift, and go to state 2
    FLOAT      shift, and go to state 3
    INF_T      shift, and go to state 4
    NAN_T      shift, and go to state 5
    HELP_T     shift, and go to state 6
    PRINT_T    shift, and go to state 7
    DISPLAY_T  shift, and go to state 8
    SYNERR_T   shift, and go to state 10
    VARIABLE   shift, and go to state 11
    '-'        shift, and go to state 13
    '+'        shift, and go to state 14
    INCR       shift, and go to state 15
    DECR       shift, and go to state 16
    '('        shift, and go to state 17

    expression  go to state 30


State 14

   15 expression: '+' . expression

    NUMBER     shift, and go to state 2
    FLOAT      shift, and go to state 3
    INF_T      shift, and go to state 4
    NAN_T      shift, and go to state 5
    HELP_T     shift, and go to state 6
    PRINT_T    shift, and go to state 7
    DISPLAY_T  shift, and go to state 8
    SYNERR_T   shift, and go to state 10
    VARIABLE   shift, and go to state 11
    '-'        shift, and go to state 13
    '+'        shift, and go to state 14
    INCR       shift, and go to state 15
    DECR       shift, and go to state 16
    '('        shift, and go to state 17

    expression  go to state 31


State 15

   16 expression: INCR . VARIABLE

    VARIABLE  shift, and go to state 32


State 16

   17 expression: DECR . VARIABLE

    VARIABLE  shift, and go to state 33


State 17

   23 expression: '(' . expression ')'

    NUMBER     shift, and go to state 2
    FLOAT      shift, and go to state 3
    INF_T      shift, and go to state 4
    NAN_T      shift, and go to state 5
    HELP_T     shift, and go to state 6
    PRINT_T    shift, and go to state 7
    DISPLAY_T  shift, and go to state 8
    SYNERR_T   shift, and go to state 10
    VARIABLE   shift, and go to state 11
    '-'        shift, and go to state 13
    '+'        shift, and go to state 14
    INCR       shift, and go to state 15
    DECR       shift, and go to state 16
    '('        shift, and go to state 17

    expression  go to state 34


State 18

    0 $accept: start . $end

    $end  shift, and go to state 35


State 19

    4 start: expression . EOL $@1 start
   20 expression: expression . '+' expression
   21           | expression . '-' expression
   22           | expression . '*' expression

    EOL  shift, and go to state 36
    '-'  shift, and go to state 37
    '+'  shift, and go to state 38
    '*'  shift, and go to state 39


State 20

    8 start: error EOL . $@3 start

    $default  reduce using rule 7 ($@3)

    $@3  go to state 40


State 21

   29 expression: PRINT_T '(' . VARIABLE ')'
   30           | PRINT_T '(' . expression ')'

    NUMBER     shift, and go to state 2
    FLOAT      shift, and go to state 3
    INF_T      shift, and go to state 4
    NAN_T      shift, and go to state 5
    HELP_T     shift, and go to state 6
    PRINT_T    shift, and go to state 7
    DISPLAY_T  shift, and go to state 8
    SYNERR_T   shift, and go to state 10
    VARIABLE   shift, and go to state 41
    '-'        shift, and go to state 13
    '+'        shift, and go to state 14
    INCR       shift, and go to state 15
    DECR       shift, and go to state 16
    '('        shift, and go to state 17

    expression  go to state 42


State 22

   31 expression: DISPLAY_T '(' . VARIABLE ')'
   32           | DISPLAY_T '(' . expression ')'

    NUMBER     shift, and go to state 2
    FLOAT      shift, and go to state 3
    INF_T      shift, and go to state 4
    NAN_T      shift, and go to state 5
    HELP_T     shift, and go to state 6
    PRINT_T    shift, and go to state 7
    DISPLAY_T  shift, and go to state 8
    SYNERR_T   shift, and go to state 10
    VARIABLE   shift, and go to state 43
    '-'        shift, and go to state 13
    '+'        shift, and go to state 14
    INCR       shift, and go to state 15
    DECR       shift, and go to state 16
    '('        shift, and go to state 17

    expression  go to state 44


State 23

   25 expression: VARIABLE COMPADD . expression

    NUMBER     shift, and go to state 2
    FLOAT      shift, and go to state 3
    INF_T      shift, and go to state 4
    NAN_T      shift, and go to state 5
    HELP_T     shift, and go to state 6
    PRINT_T    shift, and go to state 7
    DISPLAY_T  shift, and go to state 8
    SYNERR_T   shift, and go to state 10
    VARIABLE   shift, and go to state 11
    '-'        shift, and go to state 13
    '+'        shift, and go to state 14
    INCR       shift, and go to state 15
    DECR       shift, and go to state 16
    '('        shift, and go to state 17

    expression  go to state 45


State 24

   26 expression: VARIABLE COMPSUB . expression

    NUMBER     shift, and go to state 2
    FLOAT      shift, and go to state 3
    INF_T      shift, and go to state 4
    NAN_T      shift, and go to state 5
    HELP_T     shift, and go to state 6
    PRINT_T    shift, and go to state 7
    DISPLAY_T  shift, and go to state 8
    SYNERR_T   shift, and go to state 10
    VARIABLE   shift, and go to state 11
    '-'        shift, and go to state 13
    '+'        shift, and go to state 14
    INCR       shift, and go to state 15
    DECR       shift, and go to state 16
    '('        shift, and go to state 17

    expression  go to state 46


State 25

   27 expression: VARIABLE COMPMUL . expression

    NUMBER     shift, and go to state 2
    FLOAT      shift, and go to state 3
    INF_T      shift, and go to state 4
    NAN_T      shift, and go to state 5
    HELP_T     shift, and go to state 6
    PRINT_T    shift, and go to state 7
    DISPLAY_T  shift, and go to state 8
    SYNERR_T   shift, and go to state 10
    VARIABLE   shift, and go to state 11
    '-'        shift, and go to state 13
    '+'        shift, and go to state 14
    INCR       shift, and go to state 15
    DECR       shift, and go to state 16
    '('        shift, and go to state 17

    expression  go to state 47


State 26

   24 expression: VARIABLE '=' . expression

    NUMBER     shift, and go to state 2
    FLOAT      shift, and go to state 3
    INF_T      shift, and go to state 4
    NAN_T      shift, and go to state 5
    HELP_T     shift, and go to state 6
    PRINT_T    shift, and go to state 7
    DISPLAY_T  shift, and go to state 8
    SYNERR_T   shift, and go to state 10
    VARIABLE   shift, and go to state 11
    '-'        shift, and go to state 13
    '+'        shift, and go to state 14
    INCR       shift, and go to state 15
    DECR       shift, and go to state 16
    '('        shift, and go to state 17

    expression  go to state 48


State 27

   18 expression: VARIABLE INCR .

    $default  reduce using rule 18 (expression)


State 28

   19 expression: VARIABLE DECR .

    $default  reduce using rule 19 (expression)


State 29

    6 start: EOL $@2 . start

    error      shift, and go to state 1
    NUMBER     shift, and go to state 2
    FLOAT      shift, and go to state 3
    INF_T      shift, and go to state 4
    NAN_T      shift, and go to state 5
    HELP_T     shift, and go to state 6
    PRINT_T    shift, and go to state 7
    DISPLAY_T  shift, and go to state 8
    EXIT_T     shift, and go to state 9
    SYNERR_T   shift, and go to state 10
    VARIABLE   shift, and go to state 11
    EOL        shift, and go to state 12
    '-'        shift, and go to state 13
    '+'        shift, and go to state 14
    INCR       shift, and go to state 15
    DECR       shift, and go to state 16
    '('        shift, and go to state 17

    $end  reduce using rule 1 (start)

    start       go to state 49
    expression  go to state 19


State 30

   14 expression: '-' expression .
   20           | expression . '+' expression
   21           | expression . '-' expression
   22           | expression . '*' expression

    $default  reduce using rule 14 (expression)


State 31

   15 expression: '+' expression .
   20           | expression . '+' expression
   21           | expression . '-' expression
   22           | expression . '*' expression

    $default  reduce using rule 15 (expression)


State 32

   16 expression: INCR VARIABLE .

    $default  reduce using rule 16 (expression)


State 33

   17 expression: DECR VARIABLE .

    $default  reduce using rule 17 (expression)


State 34

   20 expression: expression . '+' expression
   21           | expression . '-' expression
   22           | expression . '*' expression
   23           | '(' expression . ')'

    '-'  shift, and go to state 37
    '+'  shift, and go to state 38
    '*'  shift, and go to state 39
    ')'  shift, and go to state 50


State 35

    0 $accept: start $end .

    $default  accept


State 36

    4 start: expression EOL . $@1 start

    $default  reduce using rule 3 ($@1)

    $@1  go to state 51


State 37

   21 expression: expression '-' . expression

    NUMBER     shift, and go to state 2
    FLOAT      shift, and go to state 3
    INF_T      shift, and go to state 4
    NAN_T      shift, and go to state 5
    HELP_T     shift, and go to state 6
    PRINT_T    shift, and go to state 7
    DISPLAY_T  shift, and go to state 8
    SYNERR_T   shift, and go to state 10
    VARIABLE   shift, and go to state 11
    '-'        shift, and go to state 13
    '+'        shift, and go to state 14
    INCR       shift, and go to state 15
    DECR       shift, and go to state 16
    '('        shift, and go to state 17

    expression  go to state 52


State 38

   20 expression: expression '+' . expression

    NUMBER     shift, and go to state 2
    FLOAT      shift, and go to state 3
    INF_T      shift, and go to state 4
    NAN_T      shift, and go to state 5
    HELP_T     shift, and go to state 6
    PRINT_T    shift, and go to state 7
    DISPLAY_T  shift, and go to state 8
    SYNERR_T   shift, and go to state 10
    VARIABLE   shift, and go to state 11
    '-'        shift, and go to state 13
    '+'        shift, and go to state 14
    INCR       shift, and go to state 15
    DECR       shift, and go to state 16
    '('        shift, and go to state 17

    expression  go to state 53


State 39

   22 expression: expression '*' . expression

    NUMBER     shift, and go to state 2
    FLOAT      shift, and go to state 3
    INF_T      shift, and go to state 4
    NAN_T      shift, and go to state 5
    HELP_T     shift, and go to state 6
    PRINT_T    shift, and go to state 7
    DISPLAY_T  shift, and go to state 8
    SYNERR_T   shift, and go to state 10
    VARIABLE   shift, and go to state 11
    '-'        shift, and go to state 13
    '+'        shift, and go to state 14
    INCR       shift, and go to state 15
    DECR       shift, and go to state 16
    '('        shift, and go to state 17

    expression  go to state 54


State 40

    8 start: error EOL $@3 . start

    error      shift, and go to state 1
    NUMBER     shift, and go to state 2
    FLOAT      shift, and go to state 3
    INF_T      shift, and go to state 4
    NAN_T      shift, and go to state 5
    HELP_T     shift, and go to state 6
    PRINT_T    shift, and go to state 7
    DISPLAY_T  shift, and go to state 8
    EXIT_T     shift, and go to state 9
    SYNERR_T   shift, and go to state 10
    VARIABLE   shift, and go to state 11
    EOL        shift, and go to state 12
    '-'        shift, and go to state 13
    '+'        shift, and go to state 14
    INCR       shift, and go to state 15
    DECR       shift, and go to state 16
    '('        shift, and go to state 17

    $end  reduce using rule 1 (start)

    start       go to state 55
    expression  go to state 19


State 41

   11 expression: VARIABLE .
   18           | VARIABLE . INCR
   19           | VARIABLE . DECR
   24           | VARIABLE . '=' expression
   25           | VARIABLE . COMPADD expression
   26           | VARIABLE . COMPSUB expression
   27           | VARIABLE . COMPMUL expression
   29           | PRINT_T '(' VARIABLE . ')'

    COMPADD  shift, and go to state 23
    COMPSUB  shift, and go to state 24
    COMPMUL  shift, and go to state 25
    '='      shift, and go to state 26
    INCR     shift, and go to state 27
    DECR     shift, and go to state 28
    ')'      shift, and go to state 56

    ')'       [reduce using rule 11 (expression)]
    $default  reduce using rule 11 (expression)


State 42

   20 expression: expression . '+' expression
   21           | expression . '-' expression
   22           | expression . '*' expression
   30           | PRINT_T '(' expression . ')'

    '-'  shift, and go to state 37
    '+'  shift, and go to state 38
    '*'  shift, and go to state 39
    ')'  shift, and go to state 57


State 43

   11 expression: VARIABLE .
   18           | VARIABLE . INCR
   19           | VARIABLE . DECR
   24           | VARIABLE . '=' expression
   25           | VARIABLE . COMPADD expression
   26           | VARIABLE . COMPSUB expression
   27           | VARIABLE . COMPMUL expression
   31           | DISPLAY_T '(' VARIABLE . ')'

    COMPADD  shift, and go to state 23
    COMPSUB  shift, and go to state 24
    COMPMUL  shift, and go to state 25
    '='      shift, and go to state 26
    INCR     shift, and go to state 27
    DECR     shift, and go to state 28
    ')'      shift, and go to state 58

    ')'       [reduce using rule 11 (expression)]
    $default  reduce using rule 11 (expression)


State 44

   20 expression: expression . '+' expression
   21           | expression . '-' expression
   22           | expression . '*' expression
   32           | DISPLAY_T '(' expression . ')'

    '-'  shift, and go to state 37
    '+'  shift, and go to state 38
    '*'  shift, and go to state 39
    ')'  shift, and go to state 59


State 45

   20 expression: expression . '+' expression
   21           | expression . '-' expression
   22           | expression . '*' expression
   25           | VARIABLE COMPADD expression .

    '-'  shift, and go to state 37
    '+'  shift, and go to state 38
    '*'  shift, and go to state 39

    $default  reduce using rule 25 (expression)


State 46

   20 expression: expression . '+' expression
   21           | expression . '-' expression
   22           | expression . '*' expression
   26           | VARIABLE COMPSUB expression .

    '-'  shift, and go to state 37
    '+'  shift, and go to state 38
    '*'  shift, and go to state 39

    $default  reduce using rule 26 (expression)


State 47

   20 expression: expression . '+' expression
   21           | expression . '-' expression
   22           | expression . '*' expression
   27           | VARIABLE COMPMUL expression .

    '-'  shift, and go to state 37
    '+'  shift, and go to state 38
    '*'  shift, and go to state 39

    $default  reduce using rule 27 (expression)


State 48

   20 expression: expression . '+' expression
   21           | expression . '-' expression
   22           | expression . '*' expression
   24           | VARIABLE '=' expression .

    '-'  shift, and go to state 37
    '+'  shift, and go to state 38
    '*'  shift, and go to state 39

    $default  reduce using rule 24 (expression)


State 49

    6 start: EOL $@2 start .

    $default  reduce using rule 6 (start)


State 50

   23 expression: '(' expression ')' .

    $default  reduce using rule 23 (expression)


State 51

    4 start: expression EOL $@1 . start

    error      shift, and go to state 1
    NUMBER     shift, and go to state 2
    FLOAT      shift, and go to state 3
    INF_T      shift, and go to state 4
    NAN_T      shift, and go to state 5
    HELP_T     shift, and go to state 6
    PRINT_T    shift, and go to state 7
    DISPLAY_T  shift, and go to state 8
    EXIT_T     shift, and go to state 9
    SYNERR_T   shift, and go to state 10
    VARIABLE   shift, and go to state 11
    EOL        shift, and go to state 12
    '-'        shift, and go to state 13
    '+'        shift, and go to state 14
    INCR       shift, and go to state 15
    DECR       shift, and go to state 16
    '('        shift, and go to state 17

    $end  reduce using rule 1 (start)

    start       go to state 60
    expression  go to state 19


State 52

   20 expression: expression . '+' expression
   21           | expression . '-' expression
   21           | expression '-' expression .
   22           | expression . '*' expression

    '*'  shift, and go to state 39

    $default  reduce using rule 21 (expression)


State 53

   20 expression: expression . '+' expression
   20           | expression '+' expression .
   21           | expression . '-' expression
   22           | expression . '*' expression

    '*'  shift, and go to state 39

    $default  reduce using rule 20 (expression)


State 54

   20 expression: expression . '+' expression
   21           | expression . '-' expression
   22           | expression . '*' expression
   22           | expression '*' expression .

    $default  reduce using rule 22 (expression)


State 55

    8 start: error EOL $@3 start .

    $default  reduce using rule 8 (start)


State 56

   29 expression: PRINT_T '(' VARIABLE ')' .

    $default  reduce using rule 29 (expression)


State 57

   30 expression: PRINT_T '(' expression ')' .

    $default  reduce using rule 30 (expression)


State 58

   31 expression: DISPLAY_T '(' VARIABLE ')' .

    $default  reduce using rule 31 (expression)


State 59

   32 expression: DISPLAY_T '(' expression ')' .

    $default  reduce using rule 32 (expression)


State 60

    4 start: expression EOL $@1 start .

    $default  reduce using rule 4 (start)
